<?xml version="1.0" encoding="UTF-8"?>
<coverage generated="1599224279830" clover="3.2.0">
  <project timestamp="1599224279830" name="All files">
    <metrics statements="3" coveredstatements="1" conditionals="2" coveredconditionals="0" methods="3" coveredmethods="1" elements="8" coveredelements="2" complexity="0" loc="3" ncloc="3" packages="1" files="2" classes="2"/>
    <file name="compose.js" path="/Users/takuya/Development/fp-utils-types/src/compose.js">
      <metrics statements="3" coveredstatements="1" conditionals="2" coveredconditionals="0" methods="3" coveredmethods="1"/>
      <line num="1" count="1" type="stmt"/>
      <line num="2" count="0" type="cond" truecount="0" falsecount="2"/>
      <line num="3" count="0" type="stmt"/>
    </file>
    <file name="index.js" path="/Users/takuya/Development/fp-utils-types/src/index.js">
      <metrics statements="0" coveredstatements="0" conditionals="0" coveredconditionals="0" methods="0" coveredmethods="0"/>
    </file>
  </project>
</coverage>
