{"/Users/takuya/Development/fp-utils-types/src/compose.js": {"path":"/Users/takuya/Development/fp-utils-types/src/compose.js","statementMap":{"0":{"start":{"line":1,"column":16},"end":{"line":4,"column":1}},"1":{"start":{"line":1,"column":28},"end":{"line":4,"column":1}},"2":{"start":{"line":2,"column":2},"end":{"line":2,"column":77}},"3":{"start":{"line":2,"column":23},"end":{"line":2,"column":77}},"4":{"start":{"line":3,"column":2},"end":{"line":3,"column":49}},"5":{"start":{"line":3,"column":38},"end":{"line":3,"column":45}}},"fnMap":{"0":{"name":"(anonymous_0)","decl":{"start":{"line":1,"column":16},"end":{"line":1,"column":17}},"loc":{"start":{"line":1,"column":28},"end":{"line":4,"column":1}},"line":1},"1":{"name":"(anonymous_1)","decl":{"start":{"line":1,"column":28},"end":{"line":1,"column":29}},"loc":{"start":{"line":1,"column":33},"end":{"line":4,"column":1}},"line":1},"2":{"name":"(anonymous_2)","decl":{"start":{"line":3,"column":25},"end":{"line":3,"column":26}},"loc":{"start":{"line":3,"column":38},"end":{"line":3,"column":45}},"line":3}},"branchMap":{"0":{"loc":{"start":{"line":2,"column":2},"end":{"line":2,"column":77}},"type":"if","locations":[{"start":{"line":2,"column":2},"end":{"line":2,"column":77}},{"start":{"line":2,"column":2},"end":{"line":2,"column":77}}],"line":2}},"s":{"0":1,"1":1,"2":0,"3":0,"4":0,"5":0},"f":{"0":1,"1":0,"2":0},"b":{"0":[0,0]},"_coverageSchema":"1a1c01bbd47fc00a2c39e90264f33305004495a9","hash":"b5436720ae1ad81c5bf751da9178485264052bce"}
,"/Users/takuya/Development/fp-utils-types/src/index.js": {"path":"/Users/takuya/Development/fp-utils-types/src/index.js","statementMap":{},"fnMap":{},"branchMap":{},"s":{},"f":{},"b":{},"_coverageSchema":"1a1c01bbd47fc00a2c39e90264f33305004495a9","hash":"6c7e2f2a9c6d0b33aca58cce3e03232d17065d17"}
}
